[0116/234632.510:INFO:CONSOLE(0)] "Failed to set referrer policy: The value '' is not one of 'no-referrer', 'no-referrer-when-downgrade', 'origin', 'origin-when-cross-origin', 'same-origin', 'strict-origin', 'strict-origin-when-cross-origin', or 'unsafe-url'. The referrer policy has been left unchanged.", source:  (0)
[0116/234632.976:INFO:CONSOLE(6)] "JQMIGRATE: Migrate is installed, version 3.3.2", source: https://claystage.com/wp-content/cache/minify/a44b0.js (6)
[0116/234714.209:ERROR:cache_util_win.cc(20)] Unable to move the cache: Access is denied. (0x5)
[0116/234714.210:ERROR:cache_util.cc(140)] Unable to move cache folder C:\Users\user\Documents\ProgrammingProjects\SeleniumChromeProfile\Default\GPUCache to C:\Users\user\Documents\ProgrammingProjects\SeleniumChromeProfile\Default\old_GPUCache_000
[0116/234714.213:ERROR:disk_cache.cc(184)] Unable to create cache
[0116/234714.213:ERROR:shader_disk_cache.cc(606)] Shader Cache Creation failed: -2
[0116/234717.248:ERROR:service_worker_storage.cc(1753)] Failed to delete the database: Database IO error
[0116/234717.620:INFO:CONSOLE(0)] "Failed to set referrer policy: The value '' is not one of 'no-referrer', 'no-referrer-when-downgrade', 'origin', 'origin-when-cross-origin', 'same-origin', 'strict-origin', 'strict-origin-when-cross-origin', or 'unsafe-url'. The referrer policy has been left unchanged.", source:  (0)
[0116/234717.812:ERROR:cache_util_win.cc(20)] Unable to move the cache: Access is denied. (0x5)
[0116/234717.812:ERROR:cache_util.cc(140)] Unable to move cache folder C:\Users\user\Documents\ProgrammingProjects\SeleniumChromeProfile\Default\GPUCache to C:\Users\user\Documents\ProgrammingProjects\SeleniumChromeProfile\Default\old_GPUCache_000
[0116/234717.812:ERROR:disk_cache.cc(184)] Unable to create cache
[0116/234717.812:ERROR:shader_disk_cache.cc(606)] Shader Cache Creation failed: -2
[0116/234720.724:INFO:CONSOLE(6)] "JQMIGRATE: Migrate is installed, version 3.3.2", source: https://claystage.com/wp-content/cache/minify/a44b0.js (6)
[0116/234949.314:ERROR:cache_util_win.cc(20)] Unable to move the cache: Access is denied. (0x5)
[0116/234949.319:ERROR:cache_util.cc(140)] Unable to move cache folder C:\Users\user\Documents\ProgrammingProjects\SeleniumChromeProfile\Default\GPUCache to C:\Users\user\Documents\ProgrammingProjects\SeleniumChromeProfile\Default\old_GPUCache_000
[0116/234949.320:ERROR:disk_cache.cc(184)] Unable to create cache
[0116/234949.321:ERROR:shader_disk_cache.cc(606)] Shader Cache Creation failed: -2
[0116/234952.326:ERROR:service_worker_storage.cc(1753)] Failed to delete the database: Database IO error
[0116/234952.573:INFO:CONSOLE(0)] "Failed to set referrer policy: The value '' is not one of 'no-referrer', 'no-referrer-when-downgrade', 'origin', 'origin-when-cross-origin', 'same-origin', 'strict-origin', 'strict-origin-when-cross-origin', or 'unsafe-url'. The referrer policy has been left unchanged.", source:  (0)
[0116/234952.752:ERROR:cache_util_win.cc(20)] Unable to move the cache: Access is denied. (0x5)
[0116/234952.752:ERROR:cache_util.cc(140)] Unable to move cache folder C:\Users\user\Documents\ProgrammingProjects\SeleniumChromeProfile\Default\GPUCache to C:\Users\user\Documents\ProgrammingProjects\SeleniumChromeProfile\Default\old_GPUCache_000
[0116/234952.753:ERROR:disk_cache.cc(184)] Unable to create cache
[0116/234952.754:ERROR:shader_disk_cache.cc(606)] Shader Cache Creation failed: -2
[0116/234954.951:INFO:CONSOLE(6)] "JQMIGRATE: Migrate is installed, version 3.3.2", source: https://claystage.com/wp-content/cache/minify/a44b0.js (6)
[0116/235249.345:ERROR:cache_util_win.cc(20)] Unable to move the cache: Access is denied. (0x5)
[0116/235249.351:ERROR:cache_util.cc(140)] Unable to move cache folder C:\Users\user\Documents\ProgrammingProjects\SeleniumChromeProfile\Default\GPUCache to C:\Users\user\Documents\ProgrammingProjects\SeleniumChromeProfile\Default\old_GPUCache_000
[0116/235249.351:ERROR:disk_cache.cc(184)] Unable to create cache
[0116/235249.351:ERROR:shader_disk_cache.cc(606)] Shader Cache Creation failed: -2
[0116/235252.364:ERROR:service_worker_storage.cc(1753)] Failed to delete the database: Database IO error
[0116/235252.691:INFO:CONSOLE(0)] "Failed to set referrer policy: The value '' is not one of 'no-referrer', 'no-referrer-when-downgrade', 'origin', 'origin-when-cross-origin', 'same-origin', 'strict-origin', 'strict-origin-when-cross-origin', or 'unsafe-url'. The referrer policy has been left unchanged.", source:  (0)
[0116/235252.871:ERROR:cache_util_win.cc(20)] Unable to move the cache: Access is denied. (0x5)
[0116/235252.871:ERROR:cache_util.cc(140)] Unable to move cache folder C:\Users\user\Documents\ProgrammingProjects\SeleniumChromeProfile\Default\GPUCache to C:\Users\user\Documents\ProgrammingProjects\SeleniumChromeProfile\Default\old_GPUCache_000
[0116/235252.871:ERROR:disk_cache.cc(184)] Unable to create cache
[0116/235252.872:ERROR:shader_disk_cache.cc(606)] Shader Cache Creation failed: -2
[0116/235254.901:INFO:CONSOLE(6)] "JQMIGRATE: Migrate is installed, version 3.3.2", source: https://claystage.com/wp-content/cache/minify/a44b0.js (6)
[0116/235526.609:ERROR:cache_util_win.cc(20)] Unable to move the cache: Access is denied. (0x5)
[0116/235526.610:ERROR:cache_util.cc(140)] Unable to move cache folder C:\Users\user\Documents\ProgrammingProjects\SeleniumChromeProfile\Default\GPUCache to C:\Users\user\Documents\ProgrammingProjects\SeleniumChromeProfile\Default\old_GPUCache_000
[0116/235526.611:ERROR:disk_cache.cc(184)] Unable to create cache
[0116/235526.611:ERROR:shader_disk_cache.cc(606)] Shader Cache Creation failed: -2
[0116/235529.618:ERROR:service_worker_storage.cc(1753)] Failed to delete the database: Database IO error
[0116/235529.819:INFO:CONSOLE(0)] "Failed to set referrer policy: The value '' is not one of 'no-referrer', 'no-referrer-when-downgrade', 'origin', 'origin-when-cross-origin', 'same-origin', 'strict-origin', 'strict-origin-when-cross-origin', or 'unsafe-url'. The referrer policy has been left unchanged.", source:  (0)
[0116/235530.009:ERROR:cache_util_win.cc(20)] Unable to move the cache: Access is denied. (0x5)
[0116/235530.009:ERROR:cache_util.cc(140)] Unable to move cache folder C:\Users\user\Documents\ProgrammingProjects\SeleniumChromeProfile\Default\GPUCache to C:\Users\user\Documents\ProgrammingProjects\SeleniumChromeProfile\Default\old_GPUCache_000
[0116/235530.010:ERROR:disk_cache.cc(184)] Unable to create cache
[0116/235530.010:ERROR:shader_disk_cache.cc(606)] Shader Cache Creation failed: -2
[0116/235532.627:INFO:CONSOLE(6)] "JQMIGRATE: Migrate is installed, version 3.3.2", source: https://claystage.com/wp-content/cache/minify/a44b0.js (6)
[0116/235710.055:ERROR:cache_util_win.cc(20)] Unable to move the cache: Access is denied. (0x5)
[0116/235710.062:ERROR:cache_util.cc(140)] Unable to move cache folder C:\Users\user\Documents\ProgrammingProjects\SeleniumChromeProfile\Default\GPUCache to C:\Users\user\Documents\ProgrammingProjects\SeleniumChromeProfile\Default\old_GPUCache_000
[0116/235710.065:ERROR:disk_cache.cc(184)] Unable to create cache
[0116/235710.065:ERROR:shader_disk_cache.cc(606)] Shader Cache Creation failed: -2
[0116/235713.089:ERROR:service_worker_storage.cc(1753)] Failed to delete the database: Database IO error
[0116/235713.514:INFO:CONSOLE(0)] "Failed to set referrer policy: The value '' is not one of 'no-referrer', 'no-referrer-when-downgrade', 'origin', 'origin-when-cross-origin', 'same-origin', 'strict-origin', 'strict-origin-when-cross-origin', or 'unsafe-url'. The referrer policy has been left unchanged.", source:  (0)
[0116/235713.705:ERROR:cache_util_win.cc(20)] Unable to move the cache: Access is denied. (0x5)
[0116/235713.705:ERROR:cache_util.cc(140)] Unable to move cache folder C:\Users\user\Documents\ProgrammingProjects\SeleniumChromeProfile\Default\GPUCache to C:\Users\user\Documents\ProgrammingProjects\SeleniumChromeProfile\Default\old_GPUCache_000
[0116/235713.705:ERROR:disk_cache.cc(184)] Unable to create cache
[0116/235713.705:ERROR:shader_disk_cache.cc(606)] Shader Cache Creation failed: -2
[0116/235715.952:INFO:CONSOLE(6)] "JQMIGRATE: Migrate is installed, version 3.3.2", source: https://claystage.com/wp-content/cache/minify/a44b0.js (6)
[0117/000716.485:WARNING:gpu_process_host.cc(1266)] The GPU process has crashed 1 time(s)
[0117/000716.666:WARNING:gpu_process_host.cc(990)] Reinitialized the GPU process after a crash. The reported initialization time was 98 ms
[0117/000718.011:WARNING:gpu_process_host.cc(1266)] The GPU process has crashed 2 time(s)
[0117/000718.224:WARNING:gpu_process_host.cc(990)] Reinitialized the GPU process after a crash. The reported initialization time was 106 ms
[0117/000718.645:ERROR:network_service_instance_impl.cc(286)] Network service crashed, restarting service.
[0117/000719.567:WARNING:gpu_process_host.cc(1266)] The GPU process has crashed 3 time(s)
[0117/000719.747:WARNING:gpu_process_host.cc(990)] Reinitialized the GPU process after a crash. The reported initialization time was 99 ms
[0117/000729.274:WARNING:gpu_process_host.cc(1266)] The GPU process has crashed 4 time(s)
[0117/000729.476:WARNING:gpu_process_host.cc(990)] Reinitialized the GPU process after a crash. The reported initialization time was 111 ms
[0117/000731.034:WARNING:gpu_process_host.cc(1266)] The GPU process has crashed 5 time(s)
[0117/000731.234:WARNING:gpu_process_host.cc(990)] Reinitialized the GPU process after a crash. The reported initialization time was 102 ms
[0117/000756.302:WARNING:gpu_process_host.cc(1266)] The GPU process has crashed 1 time(s)
[0117/000756.497:WARNING:gpu_process_host.cc(990)] Reinitialized the GPU process after a crash. The reported initialization time was 109 ms
[0117/000805.239:WARNING:gpu_process_host.cc(1266)] The GPU process has crashed 2 time(s)
[0117/000805.430:WARNING:gpu_process_host.cc(990)] Reinitialized the GPU process after a crash. The reported initialization time was 99 ms
[0117/000807.552:WARNING:gpu_process_host.cc(1266)] The GPU process has crashed 3 time(s)
[0117/000807.787:WARNING:gpu_process_host.cc(990)] Reinitialized the GPU process after a crash. The reported initialization time was 126 ms
[0117/000809.245:WARNING:gpu_process_host.cc(1266)] The GPU process has crashed 6 time(s)
[0117/000811.320:WARNING:gpu_process_host.cc(1266)] The GPU process has crashed 4 time(s)
[0117/000811.505:WARNING:gpu_process_host.cc(990)] Reinitialized the GPU process after a crash. The reported initialization time was 100 ms
